  Parsing headers for FirstProjectEditor
    Running UnrealHeaderTool "E:\Unreal Project\FirstProject\FirstProject.uproject" "E:\Unreal Project\FirstProject\Intermediate\Build\Win64\FirstProjectEditor\Development\FirstProjectEditor.uhtmanifest" -LogCmds="loginit warning, logexit warning, logdatabase error" -Unattended -WarningsAsErrors -abslog="C:\Users\jiwoo\AppData\Local\UnrealBuildTool\Log_UHT.txt" -installed
  LogInit: Display: Loading text-based GConfig....
  Reflection code generated for FirstProjectEditor in 10.3242628 seconds
  Building FirstProjectEditor...
  Using Visual Studio 2019 14.29.30133 toolchain (D:\Program Files\Microsoft Visual Studio\2019\Community\VC\Tools\MSVC\14.29.30133) and Windows 10.0.19041.0 SDK (D:\Windows Kits\10).
  Building 10 actions with 4 processes...
    [1/10] Trap.cpp
    [2/10] Item.cpp
    [3/10] Coin.cpp
    [4/10] Coin.gen.cpp
    [5/10] FirstProject.init.gen.cpp
    [6/10] Trap.gen.cpp
    [7/10] Item.gen.cpp
    [8/10] UE4Editor-FirstProject-0009.lib
       E:\Unreal Project\FirstProject\Intermediate\Build\Win64\UE4Editor\Development\FirstProject\UE4Editor-FirstProject-0009.lib 라이브러리 및 E:\Unreal Project\FirstProject\Intermediate\Build\Win64\UE4Editor\Development\FirstProject\UE4Editor-FirstProject-0009.exp 개체를 생성하고 있습니다.
    [9/10] UE4Editor-FirstProject-0009.dll
       E:\Unreal Project\FirstProject\Intermediate\Build\Win64\UE4Editor\Development\FirstProject\UE4Editor-FirstProject-0009.suppressed.lib 라이브러리 및 E:\Unreal Project\FirstProject\Intermediate\Build\Win64\UE4Editor\Development\FirstProject\UE4Editor-FirstProject-0009.suppressed.exp 개체를 생성하고 있습니다.
    [10/10] FirstProjectEditor.target
  Total time in Parallel executor: 38.02 seconds
  Total execution time: 50.29 seconds
